<?xml version="1.0" encoding="UTF-8"?>
<!-- Generated by org.testng.reporters.JUnitReportReporter -->
<testsuite hostname="DESKTOP-GUPA5RI" failures="0" tests="1" name="com.qa.tests.HomePageTest" time="0.000" errors="0" timestamp="2021-07-26T03:06:41 EDT" skipped="1">
  <testcase classname="com.qa.tests.HomePageTest" name="productSelection" time="0.000">
    <skipped/>
  </testcase> <!-- productSelection -->
  <system-out/>
</testsuite> <!-- com.qa.tests.HomePageTest -->
