<?xml version="1.0" encoding="UTF-8"?>
<!-- Generated by org.testng.reporters.JUnitReportReporter -->
<testsuite hostname="DESKTOP-GUPA5RI" failures="0" tests="3" name="com.qa.tests.ShoppingCartPageTest" time="59.997" errors="0" timestamp="2021-07-27T00:28:43 EDT" skipped="0">
  <testcase classname="com.qa.tests.ShoppingCartPageTest" name="PlaceOrderBtnVerify" time="18.841"/>
  <system-out/>
  <testcase classname="com.qa.tests.ShoppingCartPageTest" name="PlaceOrderBtnVerify" time="22.077"/>
  <system-out/>
  <testcase classname="com.qa.tests.ShoppingCartPageTest" name="PlaceOrderBtnVerify" time="19.079"/>
  <system-out/>
</testsuite> <!-- com.qa.tests.ShoppingCartPageTest -->
