<?xml version="1.0" encoding="UTF-8"?>
<!-- Generated by org.testng.reporters.JUnitReportReporter -->
<testsuite hostname="DESKTOP-GUPA5RI" failures="0" tests="6" name="com.qa.tests.PersonalDetailsFormTest" time="146.090" errors="0" timestamp="2021-07-27T02:15:05 EDT" skipped="0">
  <testcase classname="com.qa.tests.PersonalDetailsFormTest" name="fillFormTest" time="24.534"/>
  <system-out/>
  <testcase classname="com.qa.tests.PersonalDetailsFormTest" name="fillFormTest" time="24.222"/>
  <system-out/>
  <testcase classname="com.qa.tests.PersonalDetailsFormTest" name="fillFormTest" time="23.895"/>
  <system-out/>
  <testcase classname="com.qa.tests.PersonalDetailsFormTest" name="fillFormTest" time="25.611"/>
  <system-out/>
  <testcase classname="com.qa.tests.PersonalDetailsFormTest" name="fillFormTest" time="23.731"/>
  <system-out/>
  <testcase classname="com.qa.tests.PersonalDetailsFormTest" name="fillFormTest" time="24.097"/>
  <system-out/>
</testsuite> <!-- com.qa.tests.PersonalDetailsFormTest -->
