<?xml version="1.0" encoding="UTF-8"?>
<!-- Generated by org.testng.reporters.JUnitReportReporter -->
<testsuite hostname="DESKTOP-GUPA5RI" failures="0" tests="6" name="com.qa.tests.PersonalDetailsFormTest" time="211.392" errors="0" timestamp="2021-07-27T19:57:35 EDT" skipped="0">
  <testcase classname="com.qa.tests.PersonalDetailsFormTest" name="fillFormTest" time="31.773"/>
  <system-out/>
  <testcase classname="com.qa.tests.PersonalDetailsFormTest" name="fillFormTest" time="32.901"/>
  <system-out/>
  <testcase classname="com.qa.tests.PersonalDetailsFormTest" name="fillFormTest" time="34.224"/>
  <system-out/>
  <testcase classname="com.qa.tests.PersonalDetailsFormTest" name="fillFormTest" time="36.523"/>
  <system-out/>
  <testcase classname="com.qa.tests.PersonalDetailsFormTest" name="fillFormTest" time="29.204"/>
  <system-out/>
  <testcase classname="com.qa.tests.PersonalDetailsFormTest" name="fillFormTest" time="46.767"/>
  <system-out/>
</testsuite> <!-- com.qa.tests.PersonalDetailsFormTest -->
