<?xml version="1.0" encoding="UTF-8"?>
<!-- Generated by org.testng.reporters.JUnitReportReporter -->
<testsuite hostname="DESKTOP-GUPA5RI" failures="0" tests="6" name="com.qa.tests.PersonalDetailsFormTest" time="135.070" errors="0" timestamp="2021-07-27T17:00:29 EDT" skipped="0">
  <testcase classname="com.qa.tests.PersonalDetailsFormTest" name="fillFormTest" time="22.562"/>
  <system-out/>
  <testcase classname="com.qa.tests.PersonalDetailsFormTest" name="fillFormTest" time="22.633"/>
  <system-out/>
  <testcase classname="com.qa.tests.PersonalDetailsFormTest" name="fillFormTest" time="21.584"/>
  <system-out/>
  <testcase classname="com.qa.tests.PersonalDetailsFormTest" name="fillFormTest" time="22.331"/>
  <system-out/>
  <testcase classname="com.qa.tests.PersonalDetailsFormTest" name="fillFormTest" time="22.951"/>
  <system-out/>
  <testcase classname="com.qa.tests.PersonalDetailsFormTest" name="fillFormTest" time="23.009"/>
  <system-out/>
</testsuite> <!-- com.qa.tests.PersonalDetailsFormTest -->
