<?xml version="1.0" encoding="UTF-8"?>
<!-- Generated by org.testng.reporters.JUnitReportReporter -->
<testsuite hostname="DESKTOP-GUPA5RI" failures="0" tests="5" name="com.qa.tests.HomePageTest" time="67.260" errors="0" timestamp="2021-07-27T17:00:29 EDT" skipped="0">
  <testcase classname="com.qa.tests.HomePageTest" name="LoginSuccessfulTest" time="10.399"/>
  <system-out/>
  <testcase classname="com.qa.tests.HomePageTest" name="productSelection" time="15.414"/>
  <system-out/>
  <testcase classname="com.qa.tests.HomePageTest" name="LogoutPresentTest" time="10.139"/>
  <system-out/>
  <testcase classname="com.qa.tests.HomePageTest" name="productSelection" time="16.035"/>
  <system-out/>
  <testcase classname="com.qa.tests.HomePageTest" name="productSelection" time="15.273"/>
  <system-out/>
</testsuite> <!-- com.qa.tests.HomePageTest -->
