<?xml version="1.0" encoding="UTF-8"?>
<!-- Generated by org.testng.reporters.JUnitReportReporter -->
<testsuite hostname="DESKTOP-GUPA5RI" failures="0" tests="3" name="com.qa.tests.ProductPageTest" time="80.239" errors="0" timestamp="2021-07-26T19:29:29 EDT" skipped="0">
  <testcase classname="com.qa.tests.ProductPageTest" name="CorrectProductAddedTest" time="28.153"/>
  <system-out/>
  <testcase classname="com.qa.tests.ProductPageTest" name="CorrectProductAddedTest" time="25.828"/>
  <system-out/>
  <testcase classname="com.qa.tests.ProductPageTest" name="CorrectProductAddedTest" time="26.258"/>
  <system-out/>
</testsuite> <!-- com.qa.tests.ProductPageTest -->
