<?xml version="1.0" encoding="UTF-8"?>
<!-- Generated by org.testng.reporters.JUnitReportReporter -->
<testsuite hostname="DESKTOP-GUPA5RI" failures="0" tests="3" name="com.qa.tests.HomePageTest" time="43.043" errors="0" timestamp="2021-07-26T17:19:53 EDT" skipped="0">
  <testcase classname="com.qa.tests.HomePageTest" name="productSelection" time="14.739"/>
  <system-out/>
  <testcase classname="com.qa.tests.HomePageTest" name="productSelection" time="15.589"/>
  <system-out/>
  <testcase classname="com.qa.tests.HomePageTest" name="productSelection" time="12.715"/>
  <system-out/>
</testsuite> <!-- com.qa.tests.HomePageTest -->
