<?xml version="1.0" encoding="UTF-8"?>
<!-- Generated by org.testng.reporters.JUnitReportReporter -->
<testsuite hostname="DESKTOP-GUPA5RI" failures="0" tests="6" name="com.qa.tests.ProductPageTest" time="158.383" errors="0" timestamp="2021-07-27T17:00:29 EDT" skipped="0">
  <testcase classname="com.qa.tests.ProductPageTest" name="CorrectProductAddedTest" time="25.392"/>
  <system-out/>
  <testcase classname="com.qa.tests.ProductPageTest" name="CorrectProductAddedTest" time="39.066"/>
  <system-out/>
  <testcase classname="com.qa.tests.ProductPageTest" name="CorrectProductAddedTest" time="24.614"/>
  <system-out/>
  <testcase classname="com.qa.tests.ProductPageTest" name="AddToCartBtnTest" time="22.620"/>
  <system-out/>
  <testcase classname="com.qa.tests.ProductPageTest" name="AddToCartBtnTest" time="22.661"/>
  <system-out/>
  <testcase classname="com.qa.tests.ProductPageTest" name="AddToCartBtnTest" time="24.030"/>
  <system-out/>
</testsuite> <!-- com.qa.tests.ProductPageTest -->
